0 info it worked if it ends with ok
1 verbose cli [ '/home/apluser/.nvm/versions/node/v6.2.2/bin/node',
1 verbose cli   '/home/apluser/.nvm/versions/node/v6.2.2/bin/npm',
1 verbose cli   'start' ]
2 info using npm@3.10.5
3 info using node@v6.2.2
4 verbose run-script [ 'prestart', 'start', 'poststart' ]
5 info lifecycle scenario-playlist@1.0.0~prestart: scenario-playlist@1.0.0
6 silly lifecycle scenario-playlist@1.0.0~prestart: no script for prestart, continuing
7 info lifecycle scenario-playlist@1.0.0~start: scenario-playlist@1.0.0
8 verbose lifecycle scenario-playlist@1.0.0~start: unsafe-perm in lifecycle true
9 verbose lifecycle scenario-playlist@1.0.0~start: PATH: /home/apluser/.nvm/versions/node/v6.2.2/lib/node_modules/npm/bin/node-gyp-bin:/home/apluser/Documents/attempt/node_modules/.bin:/home/apluser/.nvm/versions/node/v6.2.2/bin:/home/apluser/.nvm/versions/node/v6.2.2/bin:/usr/local/sbin:/usr/local/bin:/usr/sbin:/usr/bin:/sbin:/bin:/usr/games:/usr/local/games
10 verbose lifecycle scenario-playlist@1.0.0~start: CWD: /home/apluser/Documents/attempt
11 silly lifecycle scenario-playlist@1.0.0~start: Args: [ '-c', 'webpack-dev-server' ]
12 silly lifecycle scenario-playlist@1.0.0~start: Returned: code: 1  signal: null
13 info lifecycle scenario-playlist@1.0.0~start: Failed to exec start script
14 verbose stack Error: scenario-playlist@1.0.0 start: `webpack-dev-server`
14 verbose stack Exit status 1
14 verbose stack     at EventEmitter.<anonymous> (/home/apluser/.nvm/versions/node/v6.2.2/lib/node_modules/npm/lib/utils/lifecycle.js:242:16)
14 verbose stack     at emitTwo (events.js:106:13)
14 verbose stack     at EventEmitter.emit (events.js:191:7)
14 verbose stack     at ChildProcess.<anonymous> (/home/apluser/.nvm/versions/node/v6.2.2/lib/node_modules/npm/lib/utils/spawn.js:40:14)
14 verbose stack     at emitTwo (events.js:106:13)
14 verbose stack     at ChildProcess.emit (events.js:191:7)
14 verbose stack     at maybeClose (internal/child_process.js:852:16)
14 verbose stack     at Process.ChildProcess._handle.onexit (internal/child_process.js:215:5)
15 verbose pkgid scenario-playlist@1.0.0
16 verbose cwd /home/apluser/Documents/attempt
17 error Linux 3.13.0-24-generic
18 error argv "/home/apluser/.nvm/versions/node/v6.2.2/bin/node" "/home/apluser/.nvm/versions/node/v6.2.2/bin/npm" "start"
19 error node v6.2.2
20 error npm  v3.10.5
21 error code ELIFECYCLE
22 error scenario-playlist@1.0.0 start: `webpack-dev-server`
22 error Exit status 1
23 error Failed at the scenario-playlist@1.0.0 start script 'webpack-dev-server'.
23 error Make sure you have the latest version of node.js and npm installed.
23 error If you do, this is most likely a problem with the scenario-playlist package,
23 error not with npm itself.
23 error Tell the author that this fails on your system:
23 error     webpack-dev-server
23 error You can get information on how to open an issue for this project with:
23 error     npm bugs scenario-playlist
23 error Or if that isn't available, you can get their info via:
23 error     npm owner ls scenario-playlist
23 error There is likely additional logging output above.
24 verbose exit [ 1, true ]
